START missing=186 skip_membership=10 total=353
[1/186] no-ko nbOXfQSORi8
[2/186] OK    97xRBoAAij0
[3/186] OK    BoP0bxW3XAo
[4/186] OK    4-TZbMZVpdQ
[5/186] OK    uzZjlpOzAX4
[6/186] OK    gDDyZkXcfpI
[7/186] OK    GjTshpZWY5E
[8/186] OK    Aks01uMljX4
[9/186] no-ko z2qCI8DZa28
[10/186] OK    U2lkItDJ4kE
[11/186] OK    6ljooVVZpps
[12/186] OK    C1_8B9XOAeg
[13/186] OK    fblqpRXNgUk
[14/186] OK    aEoXEt1Dc0I
[15/186] OK    PVaGLhG3cR4
[16/186] no-ko 6mM3TmvcLKU  | ERROR: [youtube] 6mM3TmvcLKU: This video is available to this channel's members on level: 홍염🌺 : 멤버십 전용 프리미엄 사주 콘텐츠 (or a
[17/186] no-ko FBGU4nJieME  | ERROR: [youtube] FBGU4nJieME: This video is available to this channel's members on level: 홍염🌺 : 멤버십 전용 프리미엄 사주 콘텐츠 (or a
[18/186] no-ko HbfDN7ixAz4  | ERROR: [youtube] HbfDN7ixAz4: This video is available to this channel's members on level: 홍염🌺 : 멤버십 전용 프리미엄 사주 콘텐츠 (or a
[19/186] no-ko roTt1E0P4hI  | ERROR: [youtube] roTt1E0P4hI: This video is available to this channel's members on level: 홍염🌺 : 멤버십 전용 프리미엄 사주 콘텐츠 (or a
[20/186] no-ko Rc24FhNWO48  | ERROR: [youtube] Rc24FhNWO48: This video is available to this channel's members on level: 홍염🌺 : 멤버십 전용 프리미엄 사주 콘텐츠 (or a
[21/186] no-ko 5N8Nmdzbmv0  | ERROR: [youtube] 5N8Nmdzbmv0: This video is available to this channel's members on level: 홍염🌺 : 멤버십 전용 프리미엄 사주 콘텐츠 (or a
[22/186] OK    iGUblr7Ts38
[23/186] OK    JchNg3hnHtw
[24/186] OK    5FicObGJHlY
[25/186] OK    7UPOzS4oJms
[26/186] OK    TSyBimyglxQ
[27/186] OK    S--sJwiLI6M
[28/186] OK    S8WRMGzni0k
[29/186] OK    tIjb3ZaKh7c
[30/186] OK    Akl_furFk7k
[31/186] OK    Q7TbralZp5w
[32/186] OK    oE_5Lruwe30
[33/186] OK    L1FB3EWqkrw
[34/186] OK    6UZ1yJCucA0
[35/186] OK    nBYU5N6MIVM
[36/186] OK    A7MwVr95OvA
[37/186] OK    d79uykAeN8E
[38/186] OK    sIdlhPO2Ado
[39/186] OK    sGZhl-HQTKA
[40/186] OK    iutB4e0Aq5g
[41/186] OK    m7cf9FYk0Jw
[42/186] OK    MtP9MSn9hl4
[43/186] OK    jxoxkl1WZHM
[44/186] OK    kKsivrgoyDw
[45/186] OK    3VTkBuxU4yk
[46/186] OK    Os_heh8vPfs
[47/186] OK    phuiiNCxRMg
[48/186] OK    M2WTUoy4y6E
[49/186] OK    WAUSsfU00L0
[50/186] OK    7-2n8booJYY
[51/186] OK    NbuyCF9jRn4
[52/186] OK    PtxDCBcBNhM
[53/186] OK    fCLH1u1mxtk
[54/186] OK    0lb2zWOuMII
[55/186] OK    6ZUIwj3FgUY
[56/186] no-ko ekr2nIex040
[57/186] OK    nFYwcndNuOY
[58/186] OK    2iK3ccCsI6s
[59/186] no-ko UOxkGD8qRB4
[60/186] OK    2VAKcz9W4WM
[61/186] OK    EAAnf5KRcXY
[62/186] OK    kW816TER06A
[63/186] OK    03bEv3v2bSk
[64/186] OK    rrMyqH18ddA
[65/186] OK    ItTc8_5Vh44
[66/186] OK    olGpmlwxYac
[67/186] OK    agW3gtY6Huk
[68/186] OK    UqPsWntdd1U
[69/186] OK    u_4OMBtthtY
[70/186] OK    Esq15Nk5lnU
[71/186] OK    fJq1vT_9BbU
[72/186] no-ko 7yMisDZugYQ
[73/186] no-ko DdKB1jQALPw
[74/186] no-ko jtjVORGeGFg
[75/186] no-ko 2y2Z06hVmWE
[76/186] no-ko Drc0SgoedMA
[77/186] no-ko Rn89mUndYbo
[78/186] no-ko qORaYudQ7Zc
[79/186] OK    4Zp5j1fN9Xw
[80/186] no-ko ICNKal4BIFI
[81/186] OK    eKfJ3y41RDU
[82/186] OK    K7bPpghHj3Q
[83/186] OK    r5oAQkNvMGk
[84/186] OK    KOO_2eh1VJQ
[85/186] OK    DU-Ilbnjoz4
[86/186] no-ko IylGkAcEW2o
[87/186] no-ko MGTQLfn3kvE
[88/186] no-ko pBUlV7rZp_c
[89/186] OK    C3GouGa0noM
[90/186] OK    B1ShLiq3EVc
[91/186] OK    bMhDJ0S0OBA
[92/186] OK    DYgE3SGPEqk
[93/186] OK    iTJSbJtS8MU
[94/186] OK    F0B7HDiY-10
[95/186] OK    jOTfBlKSQYY
[96/186] no-ko CgCVZdcKcqY
[97/186] OK    38xYeot-ciM
[98/186] OK    g36q0ZLvygQ
[99/186] OK    1Lmy7qwmSMc
[100/186] OK    GU-26HelNgk
[101/186] OK    4YuO8HXDvXo
[102/186] no-ko tS9jTiz2qSA
[103/186] OK    6IFeGqSqrKs
[104/186] OK    TPjq_IXUpkE
[105/186] OK    x2eJlMatzK4
[106/186] OK    Z1Axn8M5Fcs
[107/186] OK    8AVb4nPI_5Y
[108/186] OK    ZZ7kljLImck
[109/186] OK    gR9gDyLbYNo
[110/186] OK    5spDxl-yzUQ
[111/186] OK    wdH5_I7UiHA
[112/186] no-ko 3hEuDhAnVNc
[113/186] no-ko SZiwpL62to8
[114/186] no-ko 4N15045PHEA
[115/186] no-ko Wk3Vxt3knnI
[116/186] no-ko ewJBkYws3AA
[117/186] no-ko WdiSosDz4ss
[118/186] OK    9JFi7MmjtGA
[119/186] OK    sVTy_wmn5SU
[120/186] OK    Rrf8uQFvICE
[121/186] OK    PGLx4V680J8
[122/186] OK    NYT3Opelerg
[123/186] OK    9qkpcLK422o
[124/186] no-ko JyvvqnUaMgY
[125/186] OK    n6B5gQXlB-0
[126/186] no-ko OpqB1GJbzms
[127/186] OK    6oG3oaZ4HQg
[128/186] OK    rqA5vHcZ8jY
[129/186] OK    zoiuqxsRx8U
[130/186] OK    zy9VZ9ZMmJc
[131/186] OK    iW9cycjnSvc
[132/186] OK    iQbLJJ8tM6Q
[133/186] no-ko VYx4uU8qqRU  | ERROR: [youtube] VYx4uU8qqRU: This video is available to this channel's members on level: 아이작 뉴턴 (or any higher level). 
[134/186] OK    ZICbCFTWeTM
[135/186] OK    vpg_PnONB_s
[136/186] OK    pLHom8xqMvA
[137/186] OK    chAlIgS5PwA
[138/186] OK    EmeW6li6bbo
[139/186] OK    NIR9CQTEB_g
[140/186] OK    h3rmoTooBnc
[141/186] no-ko vHAGhAAolMg  | ERROR: [youtube] vHAGhAAolMg: Sign in to confirm your age. This video may be inappropriate for some users. Use --cookies
[142/186] OK    DRzVaV8cyDk
[143/186] OK    dB109Z-vza0
[144/186] OK    aPOzOf44LEc
[145/186] OK    3CgIhN7Aupw
[146/186] OK    So-8rVI3ZKk
[147/186] OK    mgFyfe_nW58
[148/186] OK    wxTMCgxJpsY
[149/186] OK    AtKe-X-lWWM
[150/186] OK    IP1jk3ODH_Y
[151/186] OK    8LaeFr7vXiM
[152/186] OK    bWNbbV-1ssU
[153/186] OK    nWtC8Mk1l0w
[154/186] OK    a1IuidFKfLk
[155/186] OK    Ns8yJbQ0pgI
[156/186] OK    9boyc90qcHk
[157/186] OK    vuSRH5szm8c
[158/186] no-ko izbJ6gkKaNM
[159/186] OK    1WOtb0JMYck
[160/186] OK    kScGN2XOudM
[161/186] OK    luToIOJjO3c
[162/186] OK    MWQxDrl56yo
[163/186] OK    Mkhl9X9PbJ0
[164/186] OK    hTwWebdxco4
[165/186] OK    QVVc-MF_z_Y
[166/186] OK    zoGR14j5kVM
[167/186] OK    bbt6fgchBLU
[168/186] OK    _xoABm6Vd64
[169/186] OK    z11ZeoBtYC0
[170/186] OK    0W1EFtPy85w
[171/186] OK    dFSZ4WOYCNE
[172/186] OK    ovgDLUWYK64
[173/186] OK    W2qOYgmZQdM
[174/186] OK    qDP8RiDSHXw
[175/186] no-ko _WDyPs4DlU0
[176/186] OK    AMoETMQ9TfE
[177/186] OK    8ZpzNQdV-jU
[178/186] OK    ZWFrQJE6CFc
[179/186] OK    L639l5IANpo
[180/186] OK    ZiPyYfpTDGI
[181/186] OK    fNqXQ1de6Co
[182/186] OK    60aHa48_BsY
[183/186] OK    VRuJMkbkr2w
[184/186] OK    GyS6PMnPb8k
[185/186] OK    io5_Y2q1rQo
[186/186] OK    KlwpKy6rXLQ
DONE newly_got_ko=151/186
